ERROR - 2022-12-17 12:10:11 --> Error connecting to the database: mysqli_sql_exception: Unknown database 'biblioteca' in C:\xampp\htdocs\biblioteca\system\Database\MySQLi\Connection.php:171
Stack trace:
#0 C:\xampp\htdocs\biblioteca\system\Database\MySQLi\Connection.php(171): mysqli->real_connect('localhost', 'root', '', 'biblioteca', 3306, '', 0)
#1 C:\xampp\htdocs\biblioteca\system\Database\BaseConnection.php(382): CodeIgniter\Database\MySQLi\Connection->connect(false)
#2 C:\xampp\htdocs\biblioteca\system\Database\BaseConnection.php(561): CodeIgniter\Database\BaseConnection->initialize()
#3 C:\xampp\htdocs\biblioteca\system\Database\BaseBuilder.php(1585): CodeIgniter\Database\BaseConnection->query('SELECT *\nFROM `...', Array, false)
#4 C:\xampp\htdocs\biblioteca\system\Model.php(223): CodeIgniter\Database\BaseBuilder->get()
#5 C:\xampp\htdocs\biblioteca\system\BaseModel.php(585): CodeIgniter\Model->doFindAll(0, 0)
#6 C:\xampp\htdocs\biblioteca\app\Controllers\ControladorLibros.php(16): CodeIgniter\BaseModel->findAll()
#7 C:\xampp\htdocs\biblioteca\system\CodeIgniter.php(927): App\Controllers\ControladorLibros->ListarLibros()
#8 C:\xampp\htdocs\biblioteca\system\CodeIgniter.php(482): CodeIgniter\CodeIgniter->runController(Object(App\Controllers\ControladorLibros))
#9 C:\xampp\htdocs\biblioteca\system\CodeIgniter.php(351): CodeIgniter\CodeIgniter->handleRequest(NULL, Object(Config\Cache), false)
#10 C:\xampp\htdocs\biblioteca\index.php(67): CodeIgniter\CodeIgniter->run()
#11 {main}

Next CodeIgniter\Database\Exceptions\DatabaseException: Unknown database 'biblioteca' in C:\xampp\htdocs\biblioteca\system\Database\MySQLi\Connection.php:215
Stack trace:
#0 C:\xampp\htdocs\biblioteca\system\Database\BaseConnection.php(382): CodeIgniter\Database\MySQLi\Connection->connect(false)
#1 C:\xampp\htdocs\biblioteca\system\Database\BaseConnection.php(561): CodeIgniter\Database\BaseConnection->initialize()
#2 C:\xampp\htdocs\biblioteca\system\Database\BaseBuilder.php(1585): CodeIgniter\Database\BaseConnection->query('SELECT *\nFROM `...', Array, false)
#3 C:\xampp\htdocs\biblioteca\system\Model.php(223): CodeIgniter\Database\BaseBuilder->get()
#4 C:\xampp\htdocs\biblioteca\system\BaseModel.php(585): CodeIgniter\Model->doFindAll(0, 0)
#5 C:\xampp\htdocs\biblioteca\app\Controllers\ControladorLibros.php(16): CodeIgniter\BaseModel->findAll()
#6 C:\xampp\htdocs\biblioteca\system\CodeIgniter.php(927): App\Controllers\ControladorLibros->ListarLibros()
#7 C:\xampp\htdocs\biblioteca\system\CodeIgniter.php(482): CodeIgniter\CodeIgniter->runController(Object(App\Controllers\ControladorLibros))
#8 C:\xampp\htdocs\biblioteca\system\CodeIgniter.php(351): CodeIgniter\CodeIgniter->handleRequest(NULL, Object(Config\Cache), false)
#9 C:\xampp\htdocs\biblioteca\index.php(67): CodeIgniter\CodeIgniter->run()
#10 {main}
CRITICAL - 2022-12-17 12:10:11 --> Unable to connect to the database.
Main connection [MySQLi]: Unknown database 'biblioteca'
in SYSTEMPATH\Database\BaseConnection.php on line 418.
 1 SYSTEMPATH\Database\BaseConnection.php(561): CodeIgniter\Database\BaseConnection->initialize()
 2 SYSTEMPATH\Database\BaseBuilder.php(1585): CodeIgniter\Database\BaseConnection->query('SELECT *
FROM `libros`', [], false)
 3 SYSTEMPATH\Model.php(223): CodeIgniter\Database\BaseBuilder->get()
 4 SYSTEMPATH\BaseModel.php(585): CodeIgniter\Model->doFindAll(0, 0)
 5 APPPATH\Controllers\ControladorLibros.php(16): CodeIgniter\BaseModel->findAll()
 6 SYSTEMPATH\CodeIgniter.php(927): App\Controllers\ControladorLibros->ListarLibros()
 7 SYSTEMPATH\CodeIgniter.php(482): CodeIgniter\CodeIgniter->runController(Object(App\Controllers\ControladorLibros))
 8 SYSTEMPATH\CodeIgniter.php(351): CodeIgniter\CodeIgniter->handleRequest(null, Object(Config\Cache), false)
 9 FCPATH\index.php(67): CodeIgniter\CodeIgniter->run()
ERROR - 2022-12-17 12:11:16 --> Error connecting to the database: mysqli_sql_exception: Unknown database 'biblioteca' in C:\xampp\htdocs\biblioteca\system\Database\MySQLi\Connection.php:171
Stack trace:
#0 C:\xampp\htdocs\biblioteca\system\Database\MySQLi\Connection.php(171): mysqli->real_connect('localhost', 'root', '', 'biblioteca', 3306, '', 0)
#1 C:\xampp\htdocs\biblioteca\system\Database\BaseConnection.php(382): CodeIgniter\Database\MySQLi\Connection->connect(false)
#2 C:\xampp\htdocs\biblioteca\system\Database\BaseConnection.php(561): CodeIgniter\Database\BaseConnection->initialize()
#3 C:\xampp\htdocs\biblioteca\system\Database\BaseBuilder.php(1585): CodeIgniter\Database\BaseConnection->query('SELECT *\nFROM `...', Array, false)
#4 C:\xampp\htdocs\biblioteca\system\Model.php(223): CodeIgniter\Database\BaseBuilder->get()
#5 C:\xampp\htdocs\biblioteca\system\BaseModel.php(585): CodeIgniter\Model->doFindAll(0, 0)
#6 C:\xampp\htdocs\biblioteca\app\Controllers\ControladorLibros.php(16): CodeIgniter\BaseModel->findAll()
#7 C:\xampp\htdocs\biblioteca\system\CodeIgniter.php(927): App\Controllers\ControladorLibros->ListarLibros()
#8 C:\xampp\htdocs\biblioteca\system\CodeIgniter.php(482): CodeIgniter\CodeIgniter->runController(Object(App\Controllers\ControladorLibros))
#9 C:\xampp\htdocs\biblioteca\system\CodeIgniter.php(351): CodeIgniter\CodeIgniter->handleRequest(NULL, Object(Config\Cache), false)
#10 C:\xampp\htdocs\biblioteca\index.php(67): CodeIgniter\CodeIgniter->run()
#11 {main}

Next CodeIgniter\Database\Exceptions\DatabaseException: Unknown database 'biblioteca' in C:\xampp\htdocs\biblioteca\system\Database\MySQLi\Connection.php:215
Stack trace:
#0 C:\xampp\htdocs\biblioteca\system\Database\BaseConnection.php(382): CodeIgniter\Database\MySQLi\Connection->connect(false)
#1 C:\xampp\htdocs\biblioteca\system\Database\BaseConnection.php(561): CodeIgniter\Database\BaseConnection->initialize()
#2 C:\xampp\htdocs\biblioteca\system\Database\BaseBuilder.php(1585): CodeIgniter\Database\BaseConnection->query('SELECT *\nFROM `...', Array, false)
#3 C:\xampp\htdocs\biblioteca\system\Model.php(223): CodeIgniter\Database\BaseBuilder->get()
#4 C:\xampp\htdocs\biblioteca\system\BaseModel.php(585): CodeIgniter\Model->doFindAll(0, 0)
#5 C:\xampp\htdocs\biblioteca\app\Controllers\ControladorLibros.php(16): CodeIgniter\BaseModel->findAll()
#6 C:\xampp\htdocs\biblioteca\system\CodeIgniter.php(927): App\Controllers\ControladorLibros->ListarLibros()
#7 C:\xampp\htdocs\biblioteca\system\CodeIgniter.php(482): CodeIgniter\CodeIgniter->runController(Object(App\Controllers\ControladorLibros))
#8 C:\xampp\htdocs\biblioteca\system\CodeIgniter.php(351): CodeIgniter\CodeIgniter->handleRequest(NULL, Object(Config\Cache), false)
#9 C:\xampp\htdocs\biblioteca\index.php(67): CodeIgniter\CodeIgniter->run()
#10 {main}
CRITICAL - 2022-12-17 12:11:16 --> Unable to connect to the database.
Main connection [MySQLi]: Unknown database 'biblioteca'
in SYSTEMPATH\Database\BaseConnection.php on line 418.
 1 SYSTEMPATH\Database\BaseConnection.php(561): CodeIgniter\Database\BaseConnection->initialize()
 2 SYSTEMPATH\Database\BaseBuilder.php(1585): CodeIgniter\Database\BaseConnection->query('SELECT *
FROM `libros`', [], false)
 3 SYSTEMPATH\Model.php(223): CodeIgniter\Database\BaseBuilder->get()
 4 SYSTEMPATH\BaseModel.php(585): CodeIgniter\Model->doFindAll(0, 0)
 5 APPPATH\Controllers\ControladorLibros.php(16): CodeIgniter\BaseModel->findAll()
 6 SYSTEMPATH\CodeIgniter.php(927): App\Controllers\ControladorLibros->ListarLibros()
 7 SYSTEMPATH\CodeIgniter.php(482): CodeIgniter\CodeIgniter->runController(Object(App\Controllers\ControladorLibros))
 8 SYSTEMPATH\CodeIgniter.php(351): CodeIgniter\CodeIgniter->handleRequest(null, Object(Config\Cache), false)
 9 FCPATH\index.php(67): CodeIgniter\CodeIgniter->run()
CRITICAL - 2022-12-17 21:04:35 --> Undefined array key "codigo"
in APPPATH\Views\libros\ListarLibros.php on line 23.
 1 APPPATH\Views\libros\ListarLibros.php(23): CodeIgniter\Debug\Exceptions->errorHandler(2, 'Undefined array key "codigo"', 'APPPATH\\Views\\libros\\ListarLibros.php', 23)
 2 SYSTEMPATH\View\View.php(213): include('APPPATH\\Views\\libros\\ListarLibros.php')
 3 SYSTEMPATH\View\View.php(216): CodeIgniter\View\View->CodeIgniter\View\{closure}()
 4 SYSTEMPATH\Common.php(1134): CodeIgniter\View\View->render('/libros/ListarLibros', [], true)
 5 APPPATH\Controllers\ControladorLibros.php(18): view('/libros/ListarLibros', [...])
 6 SYSTEMPATH\CodeIgniter.php(927): App\Controllers\ControladorLibros->ListarLibros()
 7 SYSTEMPATH\CodeIgniter.php(482): CodeIgniter\CodeIgniter->runController(Object(App\Controllers\ControladorLibros))
 8 SYSTEMPATH\CodeIgniter.php(351): CodeIgniter\CodeIgniter->handleRequest(null, Object(Config\Cache), false)
 9 FCPATH\index.php(67): CodeIgniter\CodeIgniter->run()
